2017-12-24 19:14:33.177+0000 WARN [o.n.i.p.PageCache] The dbms.memory.pagecache.size setting has not been configured. It is recommended that this setting is always explicitly configured, to ensure the system has a balanced configuration. Until then, a computed heuristic value of 3221225472 bytes will be used instead. 
2017-12-24 19:14:34.063+0000 INFO [o.n.k.i.f.CommunityEditionModule] No locking implementation specified, defaulting to 'community'
2017-12-24 19:14:34.568+0000 INFO [o.n.k.AvailabilityGuard] Requirement makes database unavailable: Database available
2017-12-24 19:14:34.649+0000 INFO [o.n.k.i.DiagnosticsManager] --- INITIALIZED diagnostics START ---
2017-12-24 19:14:34.650+0000 INFO [o.n.k.i.DiagnosticsManager] Neo4j Kernel properties:
2017-12-24 19:14:34.650+0000 INFO [o.n.k.i.DiagnosticsManager] dbms.connector.http.enabled=true
2017-12-24 19:14:34.651+0000 INFO [o.n.k.i.DiagnosticsManager] dbms.security.auth_enabled=false
2017-12-24 19:14:34.651+0000 INFO [o.n.k.i.DiagnosticsManager] dbms.windows_service_name=neo4j
2017-12-24 19:14:34.652+0000 INFO [o.n.k.i.DiagnosticsManager] dbms.connector.http.listen_address=localhost:7474
2017-12-24 19:14:34.652+0000 INFO [o.n.k.i.DiagnosticsManager] dbms.connector.https.listen_address=localhost:7473
2017-12-24 19:14:34.652+0000 INFO [o.n.k.i.DiagnosticsManager] unsupported.dbms.directories.neo4j_home=/Users/aljabear/Desktop/railstest/v/db/neo4j/development
2017-12-24 19:14:34.653+0000 INFO [o.n.k.i.DiagnosticsManager] dbms.connector.bolt.listen_address=localhost:7472
2017-12-24 19:14:34.653+0000 INFO [o.n.k.i.DiagnosticsManager] dbms.directories.import=import
2017-12-24 19:14:34.654+0000 INFO [o.n.k.i.DiagnosticsManager] unsupported.dbms.edition=community
2017-12-24 19:14:34.654+0000 INFO [o.n.k.i.DiagnosticsManager] dbms.connector.bolt.enabled=true
2017-12-24 19:14:34.654+0000 INFO [o.n.k.i.DiagnosticsManager] dbms.connector.https.enabled=false
2017-12-24 19:14:34.654+0000 INFO [o.n.k.i.DiagnosticsManager] dbms.jvm.additional=-Dunsupported.dbms.udc.source=tarball
2017-12-24 19:14:34.654+0000 INFO [o.n.k.i.DiagnosticsManager] dbms.tx_log.rotation.retention_policy=1 days
2017-12-24 19:14:34.655+0000 INFO [o.n.k.i.DiagnosticsManager] Diagnostics providers:
2017-12-24 19:14:34.655+0000 INFO [o.n.k.i.DiagnosticsManager] org.neo4j.kernel.configuration.Config
2017-12-24 19:14:34.656+0000 INFO [o.n.k.i.DiagnosticsManager] org.neo4j.kernel.info.DiagnosticsManager
2017-12-24 19:14:34.656+0000 INFO [o.n.k.i.DiagnosticsManager] SYSTEM_MEMORY
2017-12-24 19:14:34.656+0000 INFO [o.n.k.i.DiagnosticsManager] JAVA_MEMORY
2017-12-24 19:14:34.656+0000 INFO [o.n.k.i.DiagnosticsManager] OPERATING_SYSTEM
2017-12-24 19:14:34.656+0000 INFO [o.n.k.i.DiagnosticsManager] JAVA_VIRTUAL_MACHINE
2017-12-24 19:14:34.656+0000 INFO [o.n.k.i.DiagnosticsManager] CLASSPATH
2017-12-24 19:14:34.657+0000 INFO [o.n.k.i.DiagnosticsManager] LIBRARY_PATH
2017-12-24 19:14:34.657+0000 INFO [o.n.k.i.DiagnosticsManager] SYSTEM_PROPERTIES
2017-12-24 19:14:34.657+0000 INFO [o.n.k.i.DiagnosticsManager] NETWORK
2017-12-24 19:14:34.657+0000 INFO [o.n.k.i.DiagnosticsManager] System memory information:
2017-12-24 19:14:34.665+0000 INFO [o.n.k.i.DiagnosticsManager] Total Physical memory: 8.00 GB
2017-12-24 19:14:34.667+0000 INFO [o.n.k.i.DiagnosticsManager] Free Physical memory: 26.43 MB
2017-12-24 19:14:34.668+0000 INFO [o.n.k.i.DiagnosticsManager] Committed virtual memory: 5.81 GB
2017-12-24 19:14:34.670+0000 INFO [o.n.k.i.DiagnosticsManager] Total swap space: 2.00 GB
2017-12-24 19:14:34.672+0000 INFO [o.n.k.i.DiagnosticsManager] Free swap space: 1.22 GB
2017-12-24 19:14:34.673+0000 INFO [o.n.k.i.DiagnosticsManager] JVM memory information:
2017-12-24 19:14:34.674+0000 INFO [o.n.k.i.DiagnosticsManager] Free  memory: 82.68 MB
2017-12-24 19:14:34.676+0000 INFO [o.n.k.i.DiagnosticsManager] Total memory: 128.00 MB
2017-12-24 19:14:34.677+0000 INFO [o.n.k.i.DiagnosticsManager] Max   memory: 2.00 GB
2017-12-24 19:14:34.689+0000 INFO [o.n.k.i.DiagnosticsManager] Garbage Collector: G1 Young Generation: [G1 Eden Space, G1 Survivor Space]
2017-12-24 19:14:34.690+0000 INFO [o.n.k.i.DiagnosticsManager] Garbage Collector: G1 Old Generation: [G1 Eden Space, G1 Survivor Space, G1 Old Gen]
2017-12-24 19:14:34.696+0000 INFO [o.n.k.i.DiagnosticsManager] Memory Pool: Code Cache (Non-heap memory): committed=5.13 MB, used=5.10 MB, max=240.00 MB, threshold=0.00 B
2017-12-24 19:14:34.697+0000 INFO [o.n.k.i.DiagnosticsManager] Memory Pool: Metaspace (Non-heap memory): committed=13.63 MB, used=12.78 MB, max=-1.00 B, threshold=0.00 B
2017-12-24 19:14:34.697+0000 INFO [o.n.k.i.DiagnosticsManager] Memory Pool: Compressed Class Space (Non-heap memory): committed=1.88 MB, used=1.70 MB, max=1.00 GB, threshold=0.00 B
2017-12-24 19:14:34.698+0000 INFO [o.n.k.i.DiagnosticsManager] Memory Pool: G1 Eden Space (Heap memory): committed=58.00 MB, used=40.00 MB, max=-1.00 B, threshold=?
2017-12-24 19:14:34.698+0000 INFO [o.n.k.i.DiagnosticsManager] Memory Pool: G1 Survivor Space (Heap memory): committed=3.00 MB, used=3.00 MB, max=-1.00 B, threshold=?
2017-12-24 19:14:34.698+0000 INFO [o.n.k.i.DiagnosticsManager] Memory Pool: G1 Old Gen (Heap memory): committed=67.00 MB, used=1.82 MB, max=2.00 GB, threshold=0.00 B
2017-12-24 19:14:34.699+0000 INFO [o.n.k.i.DiagnosticsManager] Operating system information:
2017-12-24 19:14:34.702+0000 INFO [o.n.k.i.DiagnosticsManager] Operating System: Mac OS X; version: 10.12.6; arch: x86_64; cpus: 4
2017-12-24 19:14:34.706+0000 INFO [o.n.k.i.DiagnosticsManager] Max number of file descriptors: 10240
2017-12-24 19:14:34.707+0000 INFO [o.n.k.i.DiagnosticsManager] Number of open file descriptors: 102
2017-12-24 19:14:34.915+0000 INFO [o.n.k.i.DiagnosticsManager] Process id: 57077@sparrow.local
2017-12-24 19:14:34.916+0000 INFO [o.n.k.i.DiagnosticsManager] Byte order: LITTLE_ENDIAN
2017-12-24 19:14:34.956+0000 INFO [o.n.k.i.DiagnosticsManager] Local timezone: America/Chicago
2017-12-24 19:14:34.956+0000 INFO [o.n.k.i.DiagnosticsManager] JVM information:
2017-12-24 19:14:34.957+0000 INFO [o.n.k.i.DiagnosticsManager] VM Name: Java HotSpot(TM) 64-Bit Server VM
2017-12-24 19:14:34.957+0000 INFO [o.n.k.i.DiagnosticsManager] VM Vendor: Oracle Corporation
2017-12-24 19:14:34.957+0000 INFO [o.n.k.i.DiagnosticsManager] VM Version: 25.141-b15
2017-12-24 19:14:34.958+0000 INFO [o.n.k.i.DiagnosticsManager] JIT compiler: HotSpot 64-Bit Tiered Compilers
2017-12-24 19:14:34.965+0000 INFO [o.n.k.i.DiagnosticsManager] VM Arguments: [-XX:+UseG1GC, -XX:-OmitStackTraceInFastThrow, -XX:+AlwaysPreTouch, -XX:+UnlockExperimentalVMOptions, -XX:+TrustFinalNonStaticFields, -XX:+DisableExplicitGC, -Djdk.tls.ephemeralDHKeySize=2048, -Dunsupported.dbms.udc.source=tarball, -Dfile.encoding=UTF-8]
2017-12-24 19:14:34.966+0000 INFO [o.n.k.i.DiagnosticsManager] Java classpath:
2017-12-24 19:14:34.969+0000 INFO [o.n.k.i.DiagnosticsManager]  [classpath + loader.0] file:/Users/aljabear/Desktop/railstest/v/db/neo4j/development/lib/neo4j-values-3.3.1.jar
2017-12-24 19:14:34.970+0000 INFO [o.n.k.i.DiagnosticsManager]  [classpath + loader.0] file:/Users/aljabear/Desktop/railstest/v/db/neo4j/development/lib/neo4j-cypher-logical-plans-3.3-3.3.1.jar
2017-12-24 19:14:34.971+0000 INFO [o.n.k.i.DiagnosticsManager]  [classpath + loader.0] file:/Users/aljabear/Desktop/railstest/v/db/neo4j/development/lib/neo4j-consistency-check-3.3.1.jar
2017-12-24 19:14:34.972+0000 INFO [o.n.k.i.DiagnosticsManager]  [classpath + loader.0] file:/Users/aljabear/Desktop/railstest/v/db/neo4j/development/conf/
2017-12-24 19:14:34.972+0000 INFO [o.n.k.i.DiagnosticsManager]  [loader.1] file:/Library/Java/JavaVirtualMachines/jdk1.8.0_141.jdk/Contents/Home/jre/lib/ext/dnsns.jar
2017-12-24 19:14:34.972+0000 INFO [o.n.k.i.DiagnosticsManager]  [classpath + loader.0] file:/Users/aljabear/Desktop/railstest/v/db/neo4j/development/lib/neo4j-codegen-3.3.1.jar
2017-12-24 19:14:34.972+0000 INFO [o.n.k.i.DiagnosticsManager]  [classpath + loader.0] file:/Users/aljabear/Desktop/railstest/v/db/neo4j/development/lib/rhino-1.7R4.jar
2017-12-24 19:14:34.972+0000 INFO [o.n.k.i.DiagnosticsManager]  [classpath + loader.0] file:/Users/aljabear/Desktop/railstest/v/db/neo4j/development/lib/neo4j-cypher-ir-3.3-3.3.1.jar
2017-12-24 19:14:34.973+0000 INFO [o.n.k.i.DiagnosticsManager]  [classpath + loader.0] file:/Users/aljabear/Desktop/railstest/v/db/neo4j/development/lib/jetty-io-9.2.22.v20170606.jar
2017-12-24 19:14:34.973+0000 INFO [o.n.k.i.DiagnosticsManager]  [classpath + loader.0] file:/Users/aljabear/Desktop/railstest/v/db/neo4j/development/lib/neo4j-cypher-3.3.1.jar
2017-12-24 19:14:34.973+0000 INFO [o.n.k.i.DiagnosticsManager]  [loader.1] file:/Library/Java/JavaVirtualMachines/jdk1.8.0_141.jdk/Contents/Home/jre/lib/ext/jaccess.jar
2017-12-24 19:14:34.973+0000 INFO [o.n.k.i.DiagnosticsManager]  [classpath + loader.0] file:/Users/aljabear/Desktop/railstest/v/db/neo4j/development/lib/neo4j-dbms-3.3.1.jar
2017-12-24 19:14:34.973+0000 INFO [o.n.k.i.DiagnosticsManager]  [loader.1] file:/Library/Java/JavaVirtualMachines/jdk1.8.0_141.jdk/Contents/Home/jre/lib/ext/sunjce_provider.jar
2017-12-24 19:14:34.973+0000 INFO [o.n.k.i.DiagnosticsManager]  [classpath + loader.0] file:/Users/aljabear/Desktop/railstest/v/db/neo4j/development/lib/jline-2.12.jar
2017-12-24 19:14:34.974+0000 INFO [o.n.k.i.DiagnosticsManager]  [classpath + loader.0] file:/Users/aljabear/Desktop/railstest/v/db/neo4j/development/lib/mimepull-1.9.3.jar
2017-12-24 19:14:34.974+0000 INFO [o.n.k.i.DiagnosticsManager]  [classpath + loader.0] file:/Users/aljabear/Desktop/railstest/v/db/neo4j/development/lib/neo4j-unsafe-3.3.1.jar
2017-12-24 19:14:34.974+0000 INFO [o.n.k.i.DiagnosticsManager]  [classpath + loader.0] file:/Users/aljabear/Desktop/railstest/v/db/neo4j/development/lib/neo4j-lucene-upgrade-3.3.1.jar
2017-12-24 19:14:34.974+0000 INFO [o.n.k.i.DiagnosticsManager]  [classpath + loader.0] file:/Users/aljabear/Desktop/railstest/v/db/neo4j/development/lib/jetty-webapp-9.2.22.v20170606.jar
2017-12-24 19:14:34.974+0000 INFO [o.n.k.i.DiagnosticsManager]  [classpath + loader.0] file:/Users/aljabear/Desktop/railstest/v/db/neo4j/development/lib/neo4j-csv-3.3.1.jar
2017-12-24 19:14:34.974+0000 INFO [o.n.k.i.DiagnosticsManager]  [classpath + loader.0] file:/Users/aljabear/Desktop/railstest/v/db/neo4j/development/lib/neo4j-cypher-frontend-3.2-3.2.7.jar
2017-12-24 19:14:34.974+0000 INFO [o.n.k.i.DiagnosticsManager]  [classpath + loader.0] file:/Users/aljabear/Desktop/railstest/v/db/neo4j/development/lib/commons-io-2.4.jar
2017-12-24 19:14:34.974+0000 INFO [o.n.k.i.DiagnosticsManager]  [classpath + loader.0] file:/Users/aljabear/Desktop/railstest/v/db/neo4j/development/lib/commons-configuration-1.10.jar
2017-12-24 19:14:34.974+0000 INFO [o.n.k.i.DiagnosticsManager]  [loader.1] file:/Library/Java/JavaVirtualMachines/jdk1.8.0_141.jdk/Contents/Home/jre/lib/ext/cldrdata.jar
2017-12-24 19:14:34.975+0000 INFO [o.n.k.i.DiagnosticsManager]  [loader.1] file:/Library/Java/JavaVirtualMachines/jdk1.8.0_141.jdk/Contents/Home/jre/lib/ext/zipfs.jar
2017-12-24 19:14:34.975+0000 INFO [o.n.k.i.DiagnosticsManager]  [classpath + loader.0] file:/Users/aljabear/Desktop/railstest/v/db/neo4j/development/lib/jetty-server-9.2.22.v20170606.jar
2017-12-24 19:14:34.976+0000 INFO [o.n.k.i.DiagnosticsManager]  [loader.1] file:/Library/Java/JavaVirtualMachines/jdk1.8.0_141.jdk/Contents/Home/jre/lib/ext/sunec.jar
2017-12-24 19:14:34.976+0000 INFO [o.n.k.i.DiagnosticsManager]  [classpath + loader.0] file:/Users/aljabear/Desktop/railstest/v/db/neo4j/development/lib/parboiled-scala_2.11-1.1.7.jar
2017-12-24 19:14:34.976+0000 INFO [o.n.k.i.DiagnosticsManager]  [bootstrap] /Library/Java/JavaVirtualMachines/jdk1.8.0_141.jdk/Contents/Home/jre/lib/sunrsasign.jar
2017-12-24 19:14:34.976+0000 INFO [o.n.k.i.DiagnosticsManager]  [classpath + loader.0] file:/Users/aljabear/Desktop/railstest/v/db/neo4j/development/lib/jetty-xml-9.2.22.v20170606.jar
2017-12-24 19:14:34.976+0000 INFO [o.n.k.i.DiagnosticsManager]  [bootstrap] /Library/Java/JavaVirtualMachines/jdk1.8.0_141.jdk/Contents/Home/jre/lib/charsets.jar
2017-12-24 19:14:34.977+0000 INFO [o.n.k.i.DiagnosticsManager]  [classpath + loader.0] file:/Users/aljabear/Desktop/railstest/v/db/neo4j/development/lib/jackson-core-asl-1.9.13.jar
2017-12-24 19:14:34.977+0000 INFO [o.n.k.i.DiagnosticsManager]  [classpath + loader.0] file:/Users/aljabear/Desktop/railstest/v/db/neo4j/development/lib/neo4j-cypher-frontend-2.3-2.3.11.jar
2017-12-24 19:14:34.977+0000 INFO [o.n.k.i.DiagnosticsManager]  [classpath + loader.0] file:/Users/aljabear/Desktop/railstest/v/db/neo4j/development/lib/neo4j-kernel-3.3.1.jar
2017-12-24 19:14:34.977+0000 INFO [o.n.k.i.DiagnosticsManager]  [classpath + loader.0] file:/Users/aljabear/Desktop/railstest/v/db/neo4j/development/lib/neo4j-cypher-compiler-3.3-3.3.1.jar
2017-12-24 19:14:34.977+0000 INFO [o.n.k.i.DiagnosticsManager]  [classpath + loader.0] file:/Users/aljabear/Desktop/railstest/v/db/neo4j/development/lib/neo4j-ssl-3.3.1.jar
2017-12-24 19:14:34.977+0000 INFO [o.n.k.i.DiagnosticsManager]  [classpath + loader.0] file:/Users/aljabear/Desktop/railstest/v/db/neo4j/development/lib/neo4j-import-tool-3.3.1.jar
2017-12-24 19:14:34.977+0000 INFO [o.n.k.i.DiagnosticsManager]  [classpath + loader.0] file:/Users/aljabear/Desktop/railstest/v/db/neo4j/development/lib/jetty-security-9.2.22.v20170606.jar
2017-12-24 19:14:34.978+0000 INFO [o.n.k.i.DiagnosticsManager]  [classpath + loader.0] file:/Users/aljabear/Desktop/railstest/v/db/neo4j/development/lib/neo4j-common-3.3.1.jar
2017-12-24 19:14:34.978+0000 INFO [o.n.k.i.DiagnosticsManager]  [classpath + loader.0] file:/Users/aljabear/Desktop/railstest/v/db/neo4j/development/lib/commons-lang3-3.5.jar
2017-12-24 19:14:34.979+0000 INFO [o.n.k.i.DiagnosticsManager]  [classpath + loader.0] file:/Users/aljabear/Desktop/railstest/v/db/neo4j/development/lib/neo4j-lucene-index-3.3.1.jar
2017-12-24 19:14:34.979+0000 INFO [o.n.k.i.DiagnosticsManager]  [bootstrap] /Library/Java/JavaVirtualMachines/jdk1.8.0_141.jdk/Contents/Home/jre/lib/rt.jar
2017-12-24 19:14:34.979+0000 INFO [o.n.k.i.DiagnosticsManager]  [classpath + loader.0] file:/Users/aljabear/Desktop/railstest/v/db/neo4j/development/lib/concurrentlinkedhashmap-lru-1.4.2.jar
2017-12-24 19:14:34.979+0000 INFO [o.n.k.i.DiagnosticsManager]  [classpath + loader.0] file:/Users/aljabear/Desktop/railstest/v/db/neo4j/development/lib/jetty-http-9.2.22.v20170606.jar
2017-12-24 19:14:34.979+0000 INFO [o.n.k.i.DiagnosticsManager]  [classpath + loader.0] file:/Users/aljabear/Desktop/railstest/v/db/neo4j/development/lib/neo4j-cypher-compiler-3.1-3.1.6.jar
2017-12-24 19:14:34.979+0000 INFO [o.n.k.i.DiagnosticsManager]  [classpath + loader.0] file:/Users/aljabear/Desktop/railstest/v/db/neo4j/development/lib/jetty-util-9.2.22.v20170606.jar
2017-12-24 19:14:34.980+0000 INFO [o.n.k.i.DiagnosticsManager]  [classpath + loader.0] file:/Users/aljabear/Desktop/railstest/v/db/neo4j/development/lib/jersey-server-1.19.jar
2017-12-24 19:14:34.980+0000 INFO [o.n.k.i.DiagnosticsManager]  [classpath + loader.0] file:/Users/aljabear/Desktop/railstest/v/db/neo4j/development/plugins/
2017-12-24 19:14:34.980+0000 INFO [o.n.k.i.DiagnosticsManager]  [classpath + loader.0] file:/Users/aljabear/Desktop/railstest/v/db/neo4j/development/lib/neo4j-collections-3.3.1.jar
2017-12-24 19:14:34.980+0000 INFO [o.n.k.i.DiagnosticsManager]  [classpath + loader.0] file:/Users/aljabear/Desktop/railstest/v/db/neo4j/development/lib/neo4j-cypher-ir-3.2-3.2.7.jar
2017-12-24 19:14:34.980+0000 INFO [o.n.k.i.DiagnosticsManager]  [classpath + loader.0] file:/Users/aljabear/Desktop/railstest/v/db/neo4j/development/lib/neo4j-bolt-3.3.1.jar
2017-12-24 19:14:34.980+0000 INFO [o.n.k.i.DiagnosticsManager]  [classpath + loader.0] file:/Users/aljabear/Desktop/railstest/v/db/neo4j/development/lib/neo4j-browser-3.1.4.jar
2017-12-24 19:14:34.980+0000 INFO [o.n.k.i.DiagnosticsManager]  [classpath + loader.0] file:/Users/aljabear/Desktop/railstest/v/db/neo4j/development/lib/scala-reflect-2.11.11.jar
2017-12-24 19:14:34.980+0000 INFO [o.n.k.i.DiagnosticsManager]  [loader.1] file:/Library/Java/JavaVirtualMachines/jdk1.8.0_141.jdk/Contents/Home/jre/lib/ext/nashorn.jar
2017-12-24 19:14:34.980+0000 INFO [o.n.k.i.DiagnosticsManager]  [classpath + loader.0] file:/Users/aljabear/Desktop/railstest/v/db/neo4j/development/lib/jersey-core-1.19.jar
2017-12-24 19:14:34.980+0000 INFO [o.n.k.i.DiagnosticsManager]  [classpath + loader.0] file:/Users/aljabear/Desktop/railstest/v/db/neo4j/development/lib/neo4j-primitive-collections-3.3.1.jar
2017-12-24 19:14:34.980+0000 INFO [o.n.k.i.DiagnosticsManager]  [classpath + loader.0] file:/Users/aljabear/Desktop/railstest/v/db/neo4j/development/lib/lucene-queryparser-5.5.0.jar
2017-12-24 19:14:34.981+0000 INFO [o.n.k.i.DiagnosticsManager]  [classpath + loader.0] file:/Users/aljabear/Desktop/railstest/v/db/neo4j/development/lib/server-api-3.3.1.jar
2017-12-24 19:14:34.981+0000 INFO [o.n.k.i.DiagnosticsManager]  [classpath + loader.0] file:/Users/aljabear/Desktop/railstest/v/db/neo4j/development/lib/jackson-jaxrs-1.9.13.jar
2017-12-24 19:14:34.981+0000 INFO [o.n.k.i.DiagnosticsManager]  [classpath + loader.0] file:/Users/aljabear/Desktop/railstest/v/db/neo4j/development/lib/neo4j-jmx-3.3.1.jar
2017-12-24 19:14:34.981+0000 INFO [o.n.k.i.DiagnosticsManager]  [classpath + loader.0] file:/Users/aljabear/Desktop/railstest/v/db/neo4j/development/lib/commons-text-1.1.jar
2017-12-24 19:14:34.981+0000 INFO [o.n.k.i.DiagnosticsManager]  [classpath + loader.0] file:/Users/aljabear/Desktop/railstest/v/db/neo4j/development/lib/neo4j-configuration-3.3.1.jar
2017-12-24 19:14:34.981+0000 INFO [o.n.k.i.DiagnosticsManager]  [classpath + loader.0] file:/Users/aljabear/Desktop/railstest/v/db/neo4j/development/lib/neo4j-cypher-frontend-3.3-3.3.1.jar
2017-12-24 19:14:34.981+0000 INFO [o.n.k.i.DiagnosticsManager]  [classpath + loader.0] file:/Users/aljabear/Desktop/railstest/v/db/neo4j/development/lib/lucene-core-5.5.0.jar
2017-12-24 19:14:34.981+0000 INFO [o.n.k.i.DiagnosticsManager]  [classpath + loader.0] file:/Users/aljabear/Desktop/railstest/v/db/neo4j/development/plugins/*
2017-12-24 19:14:34.981+0000 INFO [o.n.k.i.DiagnosticsManager]  [classpath + loader.0] file:/Users/aljabear/Desktop/railstest/v/db/neo4j/development/lib/commons-compress-1.12.jar
2017-12-24 19:14:34.982+0000 INFO [o.n.k.i.DiagnosticsManager]  [classpath + loader.0] file:/Users/aljabear/Desktop/railstest/v/db/neo4j/development/lib/bcpkix-jdk15on-1.53.jar
2017-12-24 19:14:34.982+0000 INFO [o.n.k.i.DiagnosticsManager]  [classpath + loader.0] file:/Users/aljabear/Desktop/railstest/v/db/neo4j/development/lib/neo4j-graph-algo-3.3.1.jar
2017-12-24 19:14:34.982+0000 INFO [o.n.k.i.DiagnosticsManager]  [loader.1] file:/Library/Java/JavaVirtualMachines/jdk1.8.0_141.jdk/Contents/Home/jre/lib/ext/localedata.jar
2017-12-24 19:14:34.982+0000 INFO [o.n.k.i.DiagnosticsManager]  [bootstrap] /Library/Java/JavaVirtualMachines/jdk1.8.0_141.jdk/Contents/Home/jre/classes
2017-12-24 19:14:34.982+0000 INFO [o.n.k.i.DiagnosticsManager]  [classpath + loader.0] file:/Users/aljabear/Desktop/railstest/v/db/neo4j/development/lib/jersey-multipart-1.19.jar
2017-12-24 19:14:34.982+0000 INFO [o.n.k.i.DiagnosticsManager]  [classpath + loader.0] file:/Users/aljabear/Desktop/railstest/v/db/neo4j/development/lib/jackson-mapper-asl-1.9.13.jar
2017-12-24 19:14:34.982+0000 INFO [o.n.k.i.DiagnosticsManager]  [classpath + loader.0] file:/Users/aljabear/Desktop/railstest/v/db/neo4j/development/lib/caffeine-2.3.3.jar
2017-12-24 19:14:34.983+0000 INFO [o.n.k.i.DiagnosticsManager]  [bootstrap] /Library/Java/JavaVirtualMachines/jdk1.8.0_141.jdk/Contents/Home/jre/lib/jfr.jar
2017-12-24 19:14:34.983+0000 INFO [o.n.k.i.DiagnosticsManager]  [loader.1] file:/System/Library/Java/Extensions/MRJToolkit.jar
2017-12-24 19:14:34.983+0000 INFO [o.n.k.i.DiagnosticsManager]  [classpath + loader.0] file:/Users/aljabear/Desktop/railstest/v/db/neo4j/development/lib/neo4j-graph-matching-3.1.6.jar
2017-12-24 19:14:34.984+0000 INFO [o.n.k.i.DiagnosticsManager]  [classpath + loader.0] file:/Users/aljabear/Desktop/railstest/v/db/neo4j/development/lib/neo4j-io-3.3.1.jar
2017-12-24 19:14:34.984+0000 INFO [o.n.k.i.DiagnosticsManager]  [classpath + loader.0] file:/Users/aljabear/Desktop/railstest/v/db/neo4j/development/lib/lucene-analyzers-common-5.5.0.jar
2017-12-24 19:14:34.985+0000 INFO [o.n.k.i.DiagnosticsManager]  [classpath + loader.0] file:/Users/aljabear/Desktop/railstest/v/db/neo4j/development/lib/jsr311-api-1.1.2.r612.jar
2017-12-24 19:14:34.987+0000 INFO [o.n.k.i.DiagnosticsManager]  [classpath + loader.0] file:/Users/aljabear/Desktop/railstest/v/db/neo4j/development/lib/neo4j-cypher-compiler-3.2-3.2.7.jar
2017-12-24 19:14:34.988+0000 INFO [o.n.k.i.DiagnosticsManager]  [classpath + loader.0] file:/Users/aljabear/Desktop/railstest/v/db/neo4j/development/lib/javax.servlet-api-3.1.0.jar
2017-12-24 19:14:34.988+0000 INFO [o.n.k.i.DiagnosticsManager]  [classpath + loader.0] file:/Users/aljabear/Desktop/railstest/v/db/neo4j/development/lib/neo4j-command-line-3.3.1.jar
2017-12-24 19:14:34.988+0000 INFO [o.n.k.i.DiagnosticsManager]  [bootstrap] /Library/Java/JavaVirtualMachines/jdk1.8.0_141.jdk/Contents/Home/jre/lib/jsse.jar
2017-12-24 19:14:34.988+0000 INFO [o.n.k.i.DiagnosticsManager]  [classpath + loader.0] file:/Users/aljabear/Desktop/railstest/v/db/neo4j/development/lib/neo4j-cypher-frontend-3.1-3.1.6.jar
2017-12-24 19:14:34.989+0000 INFO [o.n.k.i.DiagnosticsManager]  [classpath + loader.0] file:/Users/aljabear/Desktop/railstest/v/db/neo4j/development/lib/scala-library-2.11.11.jar
2017-12-24 19:14:34.989+0000 INFO [o.n.k.i.DiagnosticsManager]  [classpath + loader.0] file:/Users/aljabear/Desktop/railstest/v/db/neo4j/development/lib/neo4j-index-3.3.1.jar
2017-12-24 19:14:34.989+0000 INFO [o.n.k.i.DiagnosticsManager]  [classpath + loader.0] file:/Users/aljabear/Desktop/railstest/v/db/neo4j/development/lib/neo4j-resource-3.3.1.jar
2017-12-24 19:14:34.990+0000 INFO [o.n.k.i.DiagnosticsManager]  [loader.1] file:/Library/Java/JavaVirtualMachines/jdk1.8.0_141.jdk/Contents/Home/jre/lib/ext/jfxrt.jar
2017-12-24 19:14:34.993+0000 INFO [o.n.k.i.DiagnosticsManager]  [classpath + loader.0] file:/Users/aljabear/Desktop/railstest/v/db/neo4j/development/lib/lucene-codecs-5.5.0.jar
2017-12-24 19:14:34.993+0000 INFO [o.n.k.i.DiagnosticsManager]  [classpath + loader.0] file:/Users/aljabear/Desktop/railstest/v/db/neo4j/development/lib/neo4j-udc-3.3.1.jar
2017-12-24 19:14:34.993+0000 INFO [o.n.k.i.DiagnosticsManager]  [classpath + loader.0] file:/Users/aljabear/Desktop/railstest/v/db/neo4j/development/lib/jersey-servlet-1.19.jar
2017-12-24 19:14:34.993+0000 INFO [o.n.k.i.DiagnosticsManager]  [classpath + loader.0] file:/Users/aljabear/Desktop/railstest/v/db/neo4j/development/lib/commons-lang-2.6.jar
2017-12-24 19:14:34.993+0000 INFO [o.n.k.i.DiagnosticsManager]  [loader.1] file:/Library/Java/JavaVirtualMachines/jdk1.8.0_141.jdk/Contents/Home/jre/lib/ext/sunpkcs11.jar
2017-12-24 19:14:34.994+0000 INFO [o.n.k.i.DiagnosticsManager]  [classpath + loader.0] file:/Users/aljabear/Desktop/railstest/v/db/neo4j/development/lib/neo4j-server-3.3.1.jar
2017-12-24 19:14:34.994+0000 INFO [o.n.k.i.DiagnosticsManager]  [classpath + loader.0] file:/Users/aljabear/Desktop/railstest/v/db/neo4j/development/lib/neo4j-logging-3.3.1.jar
2017-12-24 19:14:34.994+0000 INFO [o.n.k.i.DiagnosticsManager]  [classpath + loader.0] file:/Users/aljabear/Desktop/railstest/v/db/neo4j/development/lib/neo4j-security-3.3.1.jar
2017-12-24 19:14:34.994+0000 INFO [o.n.k.i.DiagnosticsManager]  [classpath + loader.0] file:/Users/aljabear/Desktop/railstest/v/db/neo4j/development/lib/opencsv-2.3.jar
2017-12-24 19:14:34.994+0000 INFO [o.n.k.i.DiagnosticsManager]  [bootstrap] /Library/Java/JavaVirtualMachines/jdk1.8.0_141.jdk/Contents/Home/jre/lib/resources.jar
2017-12-24 19:14:34.994+0000 INFO [o.n.k.i.DiagnosticsManager]  [classpath + loader.0] file:/Users/aljabear/Desktop/railstest/v/db/neo4j/development/lib/jetty-servlet-9.2.22.v20170606.jar
2017-12-24 19:14:34.994+0000 INFO [o.n.k.i.DiagnosticsManager]  [classpath + loader.0] file:/Users/aljabear/Desktop/railstest/v/db/neo4j/development/lib/neo4j-cypher-compiler-2.3-2.3.11.jar
2017-12-24 19:14:34.994+0000 INFO [o.n.k.i.DiagnosticsManager]  [classpath + loader.0] file:/Users/aljabear/Desktop/railstest/v/db/neo4j/development/lib/commons-logging-1.1.1.jar
2017-12-24 19:14:34.994+0000 INFO [o.n.k.i.DiagnosticsManager]  [classpath + loader.0] file:/Users/aljabear/Desktop/railstest/v/db/neo4j/development/lib/netty-all-4.1.17.Final.jar
2017-12-24 19:14:34.995+0000 INFO [o.n.k.i.DiagnosticsManager]  [classpath + loader.0] file:/Users/aljabear/Desktop/railstest/v/db/neo4j/development/lib/neo4j-graphdb-api-3.3.1.jar
2017-12-24 19:14:34.995+0000 INFO [o.n.k.i.DiagnosticsManager]  [classpath + loader.0] file:/Users/aljabear/Desktop/railstest/v/db/neo4j/development/lib/neo4j-shell-3.3.1.jar
2017-12-24 19:14:34.995+0000 INFO [o.n.k.i.DiagnosticsManager]  [bootstrap] /Library/Java/JavaVirtualMachines/jdk1.8.0_141.jdk/Contents/Home/jre/lib/jce.jar
2017-12-24 19:14:34.996+0000 INFO [o.n.k.i.DiagnosticsManager]  [classpath + loader.0] file:/Users/aljabear/Desktop/railstest/v/db/neo4j/development/lib/bcprov-jdk15on-1.53.jar
2017-12-24 19:14:34.996+0000 INFO [o.n.k.i.DiagnosticsManager]  [classpath + loader.0] file:/Users/aljabear/Desktop/railstest/v/db/neo4j/development/lib/parboiled-core-1.1.7.jar
2017-12-24 19:14:34.996+0000 INFO [o.n.k.i.DiagnosticsManager] Library path:
2017-12-24 19:14:34.996+0000 INFO [o.n.k.i.DiagnosticsManager] /Users/aljabear/Library/Java/Extensions
2017-12-24 19:14:34.997+0000 INFO [o.n.k.i.DiagnosticsManager] /Library/Java/Extensions
2017-12-24 19:14:34.997+0000 INFO [o.n.k.i.DiagnosticsManager] /Network/Library/Java/Extensions
2017-12-24 19:14:34.997+0000 INFO [o.n.k.i.DiagnosticsManager] /System/Library/Java/Extensions
2017-12-24 19:14:34.997+0000 INFO [o.n.k.i.DiagnosticsManager] /usr/lib/java
2017-12-24 19:14:34.997+0000 INFO [o.n.k.i.DiagnosticsManager] /Users/aljabear/Desktop/railstest/v
2017-12-24 19:14:34.997+0000 INFO [o.n.k.i.DiagnosticsManager] System.properties:
2017-12-24 19:14:34.998+0000 INFO [o.n.k.i.DiagnosticsManager] sun.boot.library.path = /Library/Java/JavaVirtualMachines/jdk1.8.0_141.jdk/Contents/Home/jre/lib
2017-12-24 19:14:34.999+0000 INFO [o.n.k.i.DiagnosticsManager] gopherProxySet = false
2017-12-24 19:14:34.999+0000 INFO [o.n.k.i.DiagnosticsManager] path.separator = :
2017-12-24 19:14:34.999+0000 INFO [o.n.k.i.DiagnosticsManager] file.encoding.pkg = sun.io
2017-12-24 19:14:34.999+0000 INFO [o.n.k.i.DiagnosticsManager] user.country = US
2017-12-24 19:14:34.999+0000 INFO [o.n.k.i.DiagnosticsManager] sun.java.launcher = SUN_STANDARD
2017-12-24 19:14:34.999+0000 INFO [o.n.k.i.DiagnosticsManager] sun.os.patch.level = unknown
2017-12-24 19:14:35.000+0000 INFO [o.n.k.i.DiagnosticsManager] user.dir = /Users/aljabear/Desktop/railstest/v
2017-12-24 19:14:35.000+0000 INFO [o.n.k.i.DiagnosticsManager] sun.jnu.encoding = UTF-8
2017-12-24 19:14:35.000+0000 INFO [o.n.k.i.DiagnosticsManager] unsupported.dbms.udc.source = tarball
2017-12-24 19:14:35.000+0000 INFO [o.n.k.i.DiagnosticsManager] sun.management.compiler = HotSpot 64-Bit Tiered Compilers
2017-12-24 19:14:35.000+0000 INFO [o.n.k.i.DiagnosticsManager] http.nonProxyHosts = local|*.local|169.254/16|*.169.254/16
2017-12-24 19:14:35.000+0000 INFO [o.n.k.i.DiagnosticsManager] user.home = /Users/aljabear
2017-12-24 19:14:35.000+0000 INFO [o.n.k.i.DiagnosticsManager] user.timezone = America/Chicago
2017-12-24 19:14:35.001+0000 INFO [o.n.k.i.DiagnosticsManager] file.encoding = UTF-8
2017-12-24 19:14:35.001+0000 INFO [o.n.k.i.DiagnosticsManager] user.name = aljabear
2017-12-24 19:14:35.001+0000 INFO [o.n.k.i.DiagnosticsManager] sun.java.command = org.neo4j.server.CommunityEntryPoint --home-dir=/Users/aljabear/Desktop/railstest/v/db/neo4j/development --config-dir=/Users/aljabear/Desktop/railstest/v/db/neo4j/development/conf
2017-12-24 19:14:35.003+0000 INFO [o.n.k.i.DiagnosticsManager] sun.arch.data.model = 64
2017-12-24 19:14:35.005+0000 INFO [o.n.k.i.DiagnosticsManager] user.language = en
2017-12-24 19:14:35.005+0000 INFO [o.n.k.i.DiagnosticsManager] awt.toolkit = sun.lwawt.macosx.LWCToolkit
2017-12-24 19:14:35.005+0000 INFO [o.n.k.i.DiagnosticsManager] jdk.tls.ephemeralDHKeySize = 2048
2017-12-24 19:14:35.008+0000 INFO [o.n.k.i.DiagnosticsManager] file.separator = /
2017-12-24 19:14:35.009+0000 INFO [o.n.k.i.DiagnosticsManager] sun.io.unicode.encoding = UnicodeBig
2017-12-24 19:14:35.009+0000 INFO [o.n.k.i.DiagnosticsManager] sun.cpu.endian = little
2017-12-24 19:14:35.009+0000 INFO [o.n.k.i.DiagnosticsManager] socksNonProxyHosts = local|*.local|169.254/16|*.169.254/16
2017-12-24 19:14:35.009+0000 INFO [o.n.k.i.DiagnosticsManager] ftp.nonProxyHosts = local|*.local|169.254/16|*.169.254/16
2017-12-24 19:14:35.009+0000 INFO [o.n.k.i.DiagnosticsManager] sun.cpu.isalist = 
2017-12-24 19:14:35.009+0000 INFO [o.n.k.i.DiagnosticsManager] Network information:
2017-12-24 19:14:35.022+0000 INFO [o.n.k.i.DiagnosticsManager] Interface utun0:
2017-12-24 19:14:35.026+0000 INFO [o.n.k.i.DiagnosticsManager]     address: fe80:0:0:0:9158:4544:79a1:6ea9%utun0
2017-12-24 19:14:35.026+0000 INFO [o.n.k.i.DiagnosticsManager] Interface awdl0:
2017-12-24 19:14:35.026+0000 INFO [o.n.k.i.DiagnosticsManager]     address: fe80:0:0:0:401d:c3ff:fed9:1f37%awdl0
2017-12-24 19:14:35.026+0000 INFO [o.n.k.i.DiagnosticsManager] Interface en0:
2017-12-24 19:14:35.026+0000 INFO [o.n.k.i.DiagnosticsManager]     address: fe80:0:0:0:d9:6f69:bc04:bb80%en0
2017-12-24 19:14:35.026+0000 INFO [o.n.k.i.DiagnosticsManager]     address: 192.168.1.129
2017-12-24 19:14:35.027+0000 INFO [o.n.k.i.DiagnosticsManager] Interface lo0:
2017-12-24 19:14:35.027+0000 INFO [o.n.k.i.DiagnosticsManager]     address: fe80:0:0:0:0:0:0:1%lo0
2017-12-24 19:14:35.027+0000 INFO [o.n.k.i.DiagnosticsManager]     address: 0:0:0:0:0:0:0:1
2017-12-24 19:14:35.027+0000 INFO [o.n.k.i.DiagnosticsManager]     address: 127.0.0.1
2017-12-24 19:14:35.027+0000 INFO [o.n.k.i.DiagnosticsManager] --- INITIALIZED diagnostics END ---
2017-12-24 19:14:36.131+0000 INFO [o.n.b.v.r.WorkerFactory] Bolt Server extension loaded.
2017-12-24 19:14:36.133+0000 INFO [o.n.b.v.r.WorkerFactory] Bolt enabled on localhost:7472.
2017-12-24 19:14:36.418+0000 INFO [o.n.k.i.s.f.RecordFormatSelector] Selected format 'RecordFormat:StandardV3_2[v0.A.8]' for the new store
2017-12-24 19:14:37.016+0000 INFO [o.n.k.i.a.i.IndexingService] IndexingService.init: indexes not specifically mentioned above are null
2017-12-24 19:14:37.062+0000 INFO [o.n.k.i.i.l.NativeLabelScanStore] No scan store found, this might just be first use. Preparing to rebuild.
2017-12-24 19:14:37.143+0000 INFO [o.n.k.NeoStoreDataSource] Opened logical log [/Users/aljabear/Desktop/railstest/v/db/neo4j/development/data/databases/graph.db/neostore.transaction.db.0] version=0, lastTxId=1 (clean)
2017-12-24 19:14:37.145+0000 INFO [o.n.k.NeoStoreDataSource] No commits found after last check point (which is at <no log position given>)
2017-12-24 19:14:37.165+0000 WARN [o.n.k.i.s.MetaDataStore] Missing counts store, rebuilding it.
2017-12-24 19:14:37.322+0000 WARN [o.n.k.i.s.MetaDataStore] Counts store rebuild completed.
2017-12-24 19:14:37.367+0000 INFO [o.n.k.i.a.i.IndexingService] IndexingService.start: indexes not specifically mentioned above are null
2017-12-24 19:14:37.370+0000 INFO [o.n.k.i.i.l.NativeLabelScanStore] Rebuilding scan store, this may take a while
2017-12-24 19:14:37.393+0000 INFO [o.n.k.i.i.l.NativeLabelScanStore] Scan store rebuilt (roughly 0 nodes)
2017-12-24 19:14:37.407+0000 INFO [o.n.k.i.DatabaseHealth] Database health set to OK
2017-12-24 19:14:38.623+0000 INFO [o.n.k.AvailabilityGuard] Fulfilling of requirement makes database available: Database available
2017-12-24 19:14:38.625+0000 INFO [o.n.k.i.f.GraphDatabaseFacadeFactory] Database is now ready
2017-12-24 19:14:38.627+0000 INFO [o.n.k.i.DiagnosticsManager] --- STARTED diagnostics for KernelDiagnostics:Versions START ---
2017-12-24 19:14:38.628+0000 INFO [o.n.k.i.DiagnosticsManager] Graph Database: community single StoreId{creationTime=1514142876727, randomId=3306235628283591375, storeVersion=15813456178476550, upgradeTime=1514142876727, upgradeId=1}
2017-12-24 19:14:38.628+0000 INFO [o.n.k.i.DiagnosticsManager] Kernel version: 3.3.1,560ceeff2721de1959949e079fd9d13f85c73b31
2017-12-24 19:14:38.628+0000 INFO [o.n.k.i.DiagnosticsManager] --- STARTED diagnostics for KernelDiagnostics:Versions END ---
2017-12-24 19:14:38.631+0000 INFO [o.n.k.i.DiagnosticsManager] --- STARTED diagnostics for NEO_STORE_VERSIONS START ---
2017-12-24 19:14:38.631+0000 INFO [o.n.k.i.DiagnosticsManager] Store versions:
2017-12-24 19:14:38.632+0000 INFO [o.n.k.i.DiagnosticsManager] Store versions:
2017-12-24 19:14:38.632+0000 INFO [o.n.k.i.DiagnosticsManager]   ArrayPropertyStore v0.A.8
2017-12-24 19:14:38.632+0000 INFO [o.n.k.i.DiagnosticsManager]   NodeStore v0.A.8
2017-12-24 19:14:38.632+0000 INFO [o.n.k.i.DiagnosticsManager]   StringPropertyStore v0.A.8
2017-12-24 19:14:38.632+0000 INFO [o.n.k.i.DiagnosticsManager]   PropertyIndexStore v0.A.8
2017-12-24 19:14:38.632+0000 INFO [o.n.k.i.DiagnosticsManager]   StringPropertyStore v0.A.8
2017-12-24 19:14:38.632+0000 INFO [o.n.k.i.DiagnosticsManager]   ArrayPropertyStore v0.A.8
2017-12-24 19:14:38.632+0000 INFO [o.n.k.i.DiagnosticsManager]   PropertyStore v0.A.8
2017-12-24 19:14:38.633+0000 INFO [o.n.k.i.DiagnosticsManager]   RelationshipStore v0.A.8
2017-12-24 19:14:38.633+0000 INFO [o.n.k.i.DiagnosticsManager]   StringPropertyStore v0.A.8
2017-12-24 19:14:38.633+0000 INFO [o.n.k.i.DiagnosticsManager]   RelationshipTypeStore v0.A.8
2017-12-24 19:14:38.633+0000 INFO [o.n.k.i.DiagnosticsManager]   StringPropertyStore v0.A.8
2017-12-24 19:14:38.633+0000 INFO [o.n.k.i.DiagnosticsManager]   LabelTokenStore v0.A.8
2017-12-24 19:14:38.634+0000 INFO [o.n.k.i.DiagnosticsManager]   SchemaStore v0.A.8
2017-12-24 19:14:38.634+0000 INFO [o.n.k.i.DiagnosticsManager]   RelationshipGroupStore v0.A.8
2017-12-24 19:14:38.634+0000 INFO [o.n.k.i.DiagnosticsManager]   NeoStore v0.A.8
2017-12-24 19:14:38.635+0000 INFO [o.n.k.i.DiagnosticsManager] --- STARTED diagnostics for NEO_STORE_VERSIONS END ---
2017-12-24 19:14:38.635+0000 INFO [o.n.k.i.DiagnosticsManager] --- STARTED diagnostics for NEO_STORE_ID_USAGE START ---
2017-12-24 19:14:38.635+0000 INFO [o.n.k.i.DiagnosticsManager] Id usage:
2017-12-24 19:14:38.635+0000 INFO [o.n.k.i.DiagnosticsManager] Id usage:
2017-12-24 19:14:38.636+0000 INFO [o.n.k.i.DiagnosticsManager]   ArrayPropertyStore: used=1 high=0
2017-12-24 19:14:38.636+0000 INFO [o.n.k.i.DiagnosticsManager]   NodeStore: used=0 high=-1
2017-12-24 19:14:38.636+0000 INFO [o.n.k.i.DiagnosticsManager]   StringPropertyStore: used=1 high=0
2017-12-24 19:14:38.636+0000 INFO [o.n.k.i.DiagnosticsManager]   PropertyIndexStore: used=0 high=-1
2017-12-24 19:14:38.636+0000 INFO [o.n.k.i.DiagnosticsManager]   StringPropertyStore: used=1 high=0
2017-12-24 19:14:38.636+0000 INFO [o.n.k.i.DiagnosticsManager]   ArrayPropertyStore: used=1 high=0
2017-12-24 19:14:38.636+0000 INFO [o.n.k.i.DiagnosticsManager]   PropertyStore: used=0 high=-1
2017-12-24 19:14:38.637+0000 INFO [o.n.k.i.DiagnosticsManager]   RelationshipStore: used=0 high=-1
2017-12-24 19:14:38.637+0000 INFO [o.n.k.i.DiagnosticsManager]   StringPropertyStore: used=1 high=0
2017-12-24 19:14:38.637+0000 INFO [o.n.k.i.DiagnosticsManager]   RelationshipTypeStore: used=0 high=-1
2017-12-24 19:14:38.639+0000 INFO [o.n.k.i.DiagnosticsManager]   StringPropertyStore: used=1 high=0
2017-12-24 19:14:38.641+0000 INFO [o.n.k.i.DiagnosticsManager]   LabelTokenStore: used=0 high=-1
2017-12-24 19:14:38.641+0000 INFO [o.n.k.i.DiagnosticsManager]   SchemaStore: used=1 high=0
2017-12-24 19:14:38.642+0000 INFO [o.n.k.i.DiagnosticsManager]   RelationshipGroupStore: used=1 high=0
2017-12-24 19:14:38.643+0000 INFO [o.n.k.i.DiagnosticsManager]   NeoStore: used=15 high=14
2017-12-24 19:14:38.643+0000 INFO [o.n.k.i.DiagnosticsManager] --- STARTED diagnostics for NEO_STORE_ID_USAGE END ---
2017-12-24 19:14:38.643+0000 INFO [o.n.k.i.DiagnosticsManager] --- STARTED diagnostics for NEO_STORE_RECORDS START ---
2017-12-24 19:14:38.643+0000 INFO [o.n.k.i.DiagnosticsManager] Neostore records:
2017-12-24 19:14:38.645+0000 INFO [o.n.k.i.DiagnosticsManager] TIME (Creation time): 1514142876727
2017-12-24 19:14:38.645+0000 INFO [o.n.k.i.DiagnosticsManager] RANDOM_NUMBER (Random number for store id): 3306235628283591375
2017-12-24 19:14:38.646+0000 INFO [o.n.k.i.DiagnosticsManager] LOG_VERSION (Current log version): 0
2017-12-24 19:14:38.646+0000 INFO [o.n.k.i.DiagnosticsManager] LAST_TRANSACTION_ID (Last committed transaction): 1
2017-12-24 19:14:38.646+0000 INFO [o.n.k.i.DiagnosticsManager] STORE_VERSION (Store format version): 15813456178476550
2017-12-24 19:14:38.647+0000 INFO [o.n.k.i.DiagnosticsManager] FIRST_GRAPH_PROPERTY (First property record containing graph properties): -1
2017-12-24 19:14:38.647+0000 INFO [o.n.k.i.DiagnosticsManager] LAST_CONSTRAINT_TRANSACTION (Last committed transaction containing constraint changes): 0
2017-12-24 19:14:38.647+0000 INFO [o.n.k.i.DiagnosticsManager] UPGRADE_TRANSACTION_ID (Transaction id most recent upgrade was performed at): 1
2017-12-24 19:14:38.647+0000 INFO [o.n.k.i.DiagnosticsManager] UPGRADE_TIME (Time of last upgrade): 1514142876727
2017-12-24 19:14:38.647+0000 INFO [o.n.k.i.DiagnosticsManager] LAST_TRANSACTION_CHECKSUM (Checksum of last committed transaction): 0
2017-12-24 19:14:38.648+0000 INFO [o.n.k.i.DiagnosticsManager] UPGRADE_TRANSACTION_CHECKSUM (Checksum of transaction id the most recent upgrade was performed at): 0
2017-12-24 19:14:38.648+0000 INFO [o.n.k.i.DiagnosticsManager] LAST_CLOSED_TRANSACTION_LOG_VERSION (Log version where the last transaction commit entry has been written into): 0
2017-12-24 19:14:38.648+0000 INFO [o.n.k.i.DiagnosticsManager] LAST_CLOSED_TRANSACTION_LOG_BYTE_OFFSET (Byte offset in the log file where the last transaction commit entry has been written into): 16
2017-12-24 19:14:38.648+0000 INFO [o.n.k.i.DiagnosticsManager] LAST_TRANSACTION_COMMIT_TIMESTAMP (Commit time timestamp for last committed transaction): 0
2017-12-24 19:14:38.648+0000 INFO [o.n.k.i.DiagnosticsManager] UPGRADE_TRANSACTION_COMMIT_TIMESTAMP (Commit timestamp of transaction the most recent upgrade was performed at): 0
2017-12-24 19:14:38.648+0000 INFO [o.n.k.i.DiagnosticsManager] --- STARTED diagnostics for NEO_STORE_RECORDS END ---
2017-12-24 19:14:38.650+0000 INFO [o.n.k.i.DiagnosticsManager] --- STARTED diagnostics for TRANSACTION_RANGE START ---
2017-12-24 19:14:38.650+0000 INFO [o.n.k.i.DiagnosticsManager] Transaction log:
2017-12-24 19:14:38.651+0000 INFO [o.n.k.i.DiagnosticsManager] No transactions found in any log
2017-12-24 19:14:38.651+0000 INFO [o.n.k.i.DiagnosticsManager] --- STARTED diagnostics for TRANSACTION_RANGE END ---
2017-12-24 19:14:38.652+0000 INFO [o.n.k.i.DiagnosticsManager] --- STARTED diagnostics for KernelDiagnostics:StoreFiles START ---
2017-12-24 19:14:38.652+0000 INFO [o.n.k.i.DiagnosticsManager] Disk space on partition (Total / Free / Free %): 120154226688 / 8295505920 / 6
2017-12-24 19:14:38.652+0000 INFO [o.n.k.i.DiagnosticsManager] Storage files: (filename : modification date - size)
2017-12-24 19:14:38.654+0000 INFO [o.n.k.i.DiagnosticsManager]   index:
2017-12-24 19:14:38.655+0000 INFO [o.n.k.i.DiagnosticsManager]   - Total: 2017-12-24T13:14:36-0600 - 0.00 B
2017-12-24 19:14:38.657+0000 INFO [o.n.k.i.DiagnosticsManager]   neostore: 2017-12-24T13:14:36-0600 - 8.00 kB
2017-12-24 19:14:38.657+0000 INFO [o.n.k.i.DiagnosticsManager]   neostore.counts.db.a: 2017-12-24T13:14:37-0600 - 96.00 B
2017-12-24 19:14:38.657+0000 INFO [o.n.k.i.DiagnosticsManager]   neostore.id: 2017-12-24T13:14:36-0600 - 9.00 B
2017-12-24 19:14:38.658+0000 INFO [o.n.k.i.DiagnosticsManager]   neostore.labelscanstore.db: 2017-12-24T13:14:37-0600 - 40.00 kB
2017-12-24 19:14:38.658+0000 INFO [o.n.k.i.DiagnosticsManager]   neostore.labeltokenstore.db: 2017-12-24T13:14:36-0600 - 0.00 B
2017-12-24 19:14:38.659+0000 INFO [o.n.k.i.DiagnosticsManager]   neostore.labeltokenstore.db.id: 2017-12-24T13:14:36-0600 - 9.00 B
2017-12-24 19:14:38.659+0000 INFO [o.n.k.i.DiagnosticsManager]   neostore.labeltokenstore.db.names: 2017-12-24T13:14:36-0600 - 8.00 kB
2017-12-24 19:14:38.659+0000 INFO [o.n.k.i.DiagnosticsManager]   neostore.labeltokenstore.db.names.id: 2017-12-24T13:14:36-0600 - 9.00 B
2017-12-24 19:14:38.660+0000 INFO [o.n.k.i.DiagnosticsManager]   neostore.nodestore.db: 2017-12-24T13:14:36-0600 - 0.00 B
2017-12-24 19:14:38.660+0000 INFO [o.n.k.i.DiagnosticsManager]   neostore.nodestore.db.id: 2017-12-24T13:14:36-0600 - 9.00 B
2017-12-24 19:14:38.660+0000 INFO [o.n.k.i.DiagnosticsManager]   neostore.nodestore.db.labels: 2017-12-24T13:14:36-0600 - 8.00 kB
2017-12-24 19:14:38.661+0000 INFO [o.n.k.i.DiagnosticsManager]   neostore.nodestore.db.labels.id: 2017-12-24T13:14:36-0600 - 9.00 B
2017-12-24 19:14:38.661+0000 INFO [o.n.k.i.DiagnosticsManager]   neostore.propertystore.db: 2017-12-24T13:14:36-0600 - 0.00 B
2017-12-24 19:14:38.661+0000 INFO [o.n.k.i.DiagnosticsManager]   neostore.propertystore.db.arrays: 2017-12-24T13:14:36-0600 - 8.00 kB
2017-12-24 19:14:38.662+0000 INFO [o.n.k.i.DiagnosticsManager]   neostore.propertystore.db.arrays.id: 2017-12-24T13:14:36-0600 - 9.00 B
2017-12-24 19:14:38.662+0000 INFO [o.n.k.i.DiagnosticsManager]   neostore.propertystore.db.id: 2017-12-24T13:14:36-0600 - 9.00 B
2017-12-24 19:14:38.662+0000 INFO [o.n.k.i.DiagnosticsManager]   neostore.propertystore.db.index: 2017-12-24T13:14:36-0600 - 0.00 B
2017-12-24 19:14:38.663+0000 INFO [o.n.k.i.DiagnosticsManager]   neostore.propertystore.db.index.id: 2017-12-24T13:14:36-0600 - 9.00 B
2017-12-24 19:14:38.663+0000 INFO [o.n.k.i.DiagnosticsManager]   neostore.propertystore.db.index.keys: 2017-12-24T13:14:36-0600 - 8.00 kB
2017-12-24 19:14:38.664+0000 INFO [o.n.k.i.DiagnosticsManager]   neostore.propertystore.db.index.keys.id: 2017-12-24T13:14:36-0600 - 9.00 B
2017-12-24 19:14:38.664+0000 INFO [o.n.k.i.DiagnosticsManager]   neostore.propertystore.db.strings: 2017-12-24T13:14:36-0600 - 8.00 kB
2017-12-24 19:14:38.664+0000 INFO [o.n.k.i.DiagnosticsManager]   neostore.propertystore.db.strings.id: 2017-12-24T13:14:36-0600 - 9.00 B
2017-12-24 19:14:38.665+0000 INFO [o.n.k.i.DiagnosticsManager]   neostore.relationshipgroupstore.db: 2017-12-24T13:14:36-0600 - 8.00 kB
2017-12-24 19:14:38.665+0000 INFO [o.n.k.i.DiagnosticsManager]   neostore.relationshipgroupstore.db.id: 2017-12-24T13:14:36-0600 - 9.00 B
2017-12-24 19:14:38.665+0000 INFO [o.n.k.i.DiagnosticsManager]   neostore.relationshipstore.db: 2017-12-24T13:14:36-0600 - 0.00 B
2017-12-24 19:14:38.666+0000 INFO [o.n.k.i.DiagnosticsManager]   neostore.relationshipstore.db.id: 2017-12-24T13:14:36-0600 - 9.00 B
2017-12-24 19:14:38.666+0000 INFO [o.n.k.i.DiagnosticsManager]   neostore.relationshiptypestore.db: 2017-12-24T13:14:36-0600 - 0.00 B
2017-12-24 19:14:38.667+0000 INFO [o.n.k.i.DiagnosticsManager]   neostore.relationshiptypestore.db.id: 2017-12-24T13:14:36-0600 - 9.00 B
2017-12-24 19:14:38.668+0000 INFO [o.n.k.i.DiagnosticsManager]   neostore.relationshiptypestore.db.names: 2017-12-24T13:14:36-0600 - 8.00 kB
2017-12-24 19:14:38.668+0000 INFO [o.n.k.i.DiagnosticsManager]   neostore.relationshiptypestore.db.names.id: 2017-12-24T13:14:36-0600 - 9.00 B
2017-12-24 19:14:38.668+0000 INFO [o.n.k.i.DiagnosticsManager]   neostore.schemastore.db: 2017-12-24T13:14:36-0600 - 8.00 kB
2017-12-24 19:14:38.669+0000 INFO [o.n.k.i.DiagnosticsManager]   neostore.schemastore.db.id: 2017-12-24T13:14:36-0600 - 9.00 B
2017-12-24 19:14:38.670+0000 INFO [o.n.k.i.DiagnosticsManager]   neostore.transaction.db.0: 2017-12-24T13:14:37-0600 - 16.00 B
2017-12-24 19:14:38.671+0000 INFO [o.n.k.i.DiagnosticsManager]   store_lock: 2017-12-24T13:14:36-0600 - 0.00 B
2017-12-24 19:14:38.671+0000 INFO [o.n.k.i.DiagnosticsManager] Storage summary: 
2017-12-24 19:14:38.671+0000 INFO [o.n.k.i.DiagnosticsManager]   Total size of store: 112.24 kB
2017-12-24 19:14:38.672+0000 INFO [o.n.k.i.DiagnosticsManager]   Total size of mapped files: 112.00 kB
2017-12-24 19:14:38.672+0000 INFO [o.n.k.i.DiagnosticsManager] --- STARTED diagnostics for KernelDiagnostics:StoreFiles END ---
2017-12-24 19:14:45.032+0000 INFO [o.n.k.i.DiagnosticsManager] --- SERVER STARTED START ---
2017-12-24 19:14:48.044+0000 INFO [o.n.k.i.DiagnosticsManager] --- SERVER STARTED END ---
2017-12-24 19:15:07.985+0000 INFO [o.n.k.i.a.i.IndexPopulationJob] Index population started: [:Neo4j::Migrations::SchemaMigration(migration_id) [provider: {key=lucene+native, version=1.0}]]
2017-12-24 19:15:08.309+0000 INFO [o.n.k.i.a.i.IndexPopulationJob] Completed node store scan. Flushing all pending updates.
BatchingMultipleIndexPopulator{activeTasks=1, executor=java.util.concurrent.ThreadPoolExecutor@7fd152aa[Running, pool size = 1, active threads = 1, queued tasks = 0, completed tasks = 0], batchedUpdates = [0 updates], queuedUpdates = 0}
2017-12-24 19:15:08.310+0000 INFO [o.n.k.i.a.i.IndexPopulationJob] Shutting down executor.
BatchingMultipleIndexPopulator{activeTasks=2, executor=java.util.concurrent.ThreadPoolExecutor@7fd152aa[Running, pool size = 2, active threads = 2, queued tasks = 0, completed tasks = 0], batchedUpdates = [0 updates], queuedUpdates = 0}
2017-12-24 19:15:08.398+0000 INFO [o.n.k.i.a.i.IndexPopulationJob] Index population completed. Index is now online: [:Neo4j::Migrations::SchemaMigration(migration_id) [provider: {key=lucene+native, version=1.0}]]
2017-12-24 19:15:09.247+0000 INFO [o.n.k.i.a.i.IndexPopulationJob] Index population started: [:Event(uuid) [provider: {key=lucene+native, version=1.0}]]
2017-12-24 19:15:09.256+0000 INFO [o.n.k.i.a.i.IndexPopulationJob] Completed node store scan. Flushing all pending updates.
BatchingMultipleIndexPopulator{activeTasks=1, executor=java.util.concurrent.ThreadPoolExecutor@615e3c03[Running, pool size = 1, active threads = 1, queued tasks = 0, completed tasks = 0], batchedUpdates = [0 updates], queuedUpdates = 0}
2017-12-24 19:15:09.257+0000 INFO [o.n.k.i.a.i.IndexPopulationJob] Shutting down executor.
BatchingMultipleIndexPopulator{activeTasks=1, executor=java.util.concurrent.ThreadPoolExecutor@615e3c03[Running, pool size = 2, active threads = 1, queued tasks = 0, completed tasks = 1], batchedUpdates = [0 updates], queuedUpdates = 0}
2017-12-24 19:15:09.265+0000 INFO [o.n.k.i.a.i.IndexPopulationJob] Index population completed. Index is now online: [:Event(uuid) [provider: {key=lucene+native, version=1.0}]]
2017-12-24 20:35:04.010+0000 WARN [o.n.k.i.c.MonitorGc] GC Monitor: Application threads blocked for 1295ms.
2017-12-24 20:35:10.336+0000 INFO [o.n.k.i.t.l.c.CheckPointerImpl] Check Pointing triggered by scheduler for time threshold [12]:  Starting check pointing...
2017-12-24 20:35:10.336+0000 INFO [o.n.k.i.t.l.c.CheckPointerImpl] Check Pointing triggered by scheduler for time threshold [12]:  Starting store flush...
2017-12-24 20:35:10.354+0000 INFO [o.n.k.i.s.c.CountsTracker] About to rotate counts store at transaction 12 to [/Users/aljabear/Desktop/railstest/v/db/neo4j/development/data/databases/graph.db/neostore.counts.db.b], from [/Users/aljabear/Desktop/railstest/v/db/neo4j/development/data/databases/graph.db/neostore.counts.db.a].
2017-12-24 20:35:10.355+0000 INFO [o.n.k.i.s.c.CountsTracker] Successfully rotated counts store at transaction 12 to [/Users/aljabear/Desktop/railstest/v/db/neo4j/development/data/databases/graph.db/neostore.counts.db.b], from [/Users/aljabear/Desktop/railstest/v/db/neo4j/development/data/databases/graph.db/neostore.counts.db.a].
2017-12-24 20:35:10.362+0000 INFO [o.n.k.i.t.l.c.CheckPointerImpl] Check Pointing triggered by scheduler for time threshold [12]:  Store flush completed
2017-12-24 20:35:10.362+0000 INFO [o.n.k.i.t.l.c.CheckPointerImpl] Check Pointing triggered by scheduler for time threshold [12]:  Starting appending check point entry into the tx log...
2017-12-24 20:35:10.363+0000 INFO [o.n.k.i.t.l.c.CheckPointerImpl] Check Pointing triggered by scheduler for time threshold [12]:  Appending check point entry into the tx log completed
2017-12-24 20:35:10.363+0000 INFO [o.n.k.i.t.l.c.CheckPointerImpl] Check Pointing triggered by scheduler for time threshold [12]:  Check pointing completed
2017-12-24 20:35:10.363+0000 INFO [o.n.k.i.t.l.p.LogPruningImpl] Log Rotation [0]:  Starting log pruning.
2017-12-24 20:35:10.363+0000 INFO [o.n.k.i.t.l.p.LogPruningImpl] Log Rotation [0]:  Log pruning complete.
2017-12-24 21:05:05.009+0000 WARN [o.n.k.i.c.MonitorGc] GC Monitor: Application threads blocked for 1139ms.
2017-12-24 21:06:56.010+0000 WARN [o.n.k.i.c.MonitorGc] GC Monitor: Application threads blocked for 1187ms.
2017-12-25 07:08:45.010+0000 WARN [o.n.k.i.c.MonitorGc] GC Monitor: Application threads blocked for 1228ms.
2017-12-25 08:56:38.015+0000 WARN [o.n.k.i.c.MonitorGc] GC Monitor: Application threads blocked for 1152ms.
2017-12-25 10:26:38.006+0000 WARN [o.n.k.i.c.MonitorGc] GC Monitor: Application threads blocked for 1199ms.
2017-12-25 11:27:39.011+0000 WARN [o.n.k.i.c.MonitorGc] GC Monitor: Application threads blocked for 1165ms.
2017-12-25 12:57:39.013+0000 WARN [o.n.k.i.c.MonitorGc] GC Monitor: Application threads blocked for 1185ms.
2017-12-25 13:45:00.019+0000 WARN [o.n.k.i.c.MonitorGc] GC Monitor: Application threads blocked for 1155ms.
2017-12-25 14:45:45.007+0000 WARN [o.n.k.i.c.MonitorGc] GC Monitor: Application threads blocked for 1228ms.
2017-12-25 15:46:30.007+0000 WARN [o.n.k.i.c.MonitorGc] GC Monitor: Application threads blocked for 1201ms.
2017-12-25 17:16:30.014+0000 WARN [o.n.k.i.c.MonitorGc] GC Monitor: Application threads blocked for 1224ms.
2017-12-25 17:21:52.014+0000 WARN [o.n.k.i.c.MonitorGc] GC Monitor: Application threads blocked for 1241ms.
2017-12-25 17:22:21.010+0000 WARN [o.n.k.i.c.MonitorGc] GC Monitor: Application threads blocked for 1476ms.
2017-12-25 20:52:20.011+0000 WARN [o.n.k.i.c.MonitorGc] GC Monitor: Application threads blocked for 1556ms.
2017-12-26 13:45:04.601+0000 WARN [o.n.k.i.c.MonitorGc] GC Monitor: Application threads blocked for 27726ms.
2017-12-26 14:29:42.011+0000 WARN [o.n.k.i.c.MonitorGc] GC Monitor: Application threads blocked for 1560ms.
2017-12-26 14:57:41.012+0000 WARN [o.n.k.i.c.MonitorGc] GC Monitor: Application threads blocked for 1606ms.
2017-12-26 18:22:24.010+0000 WARN [o.n.k.i.c.MonitorGc] GC Monitor: Application threads blocked for 1303ms.
2017-12-26 18:52:25.026+0000 WARN [o.n.k.i.c.MonitorGc] GC Monitor: Application threads blocked for 1157ms.
2017-12-26 19:35:30.012+0000 WARN [o.n.k.i.c.MonitorGc] GC Monitor: Application threads blocked for 1204ms.
2017-12-26 21:41:59.019+0000 WARN [o.n.k.i.c.MonitorGc] GC Monitor: Application threads blocked for 1515ms.
2017-12-26 21:59:13.012+0000 WARN [o.n.k.i.c.MonitorGc] GC Monitor: Application threads blocked for 1428ms.
2017-12-27 01:32:55.009+0000 WARN [o.n.k.i.c.MonitorGc] GC Monitor: Application threads blocked for 1506ms.
2017-12-27 03:56:00.053+0000 WARN [o.n.k.i.c.MonitorGc] GC Monitor: Application threads blocked for 27910ms.
2017-12-27 05:46:35.015+0000 WARN [o.n.k.i.c.MonitorGc] GC Monitor: Application threads blocked for 1488ms.
2017-12-27 05:55:28.014+0000 WARN [o.n.k.i.c.MonitorGc] GC Monitor: Application threads blocked for 1177ms.
2017-12-27 09:20:03.015+0000 WARN [o.n.k.i.c.MonitorGc] GC Monitor: Application threads blocked for 1483ms.
2017-12-27 13:45:03.715+0000 WARN [o.n.k.i.c.MonitorGc] GC Monitor: Application threads blocked for 47453ms.
2017-12-27 13:53:32.012+0000 WARN [o.n.k.i.c.MonitorGc] GC Monitor: Application threads blocked for 1550ms.
